{"/Users/henrow/Desktop/challenges/bank-tech-test/account.js": {"path":"/Users/henrow/Desktop/challenges/bank-tech-test/account.js","statementMap":{"0":{"start":{"line":3,"column":4},"end":{"line":3,"column":21}},"1":{"start":{"line":4,"column":4},"end":{"line":4,"column":27}},"2":{"start":{"line":8,"column":4},"end":{"line":11,"column":8}},"3":{"start":{"line":9,"column":6},"end":{"line":11,"column":8}},"4":{"start":{"line":13,"column":4},"end":{"line":13,"column":27}},"5":{"start":{"line":14,"column":4},"end":{"line":14,"column":46}},"6":{"start":{"line":18,"column":4},"end":{"line":19,"column":65}},"7":{"start":{"line":19,"column":6},"end":{"line":19,"column":65}},"8":{"start":{"line":21,"column":4},"end":{"line":21,"column":27}},"9":{"start":{"line":22,"column":4},"end":{"line":22,"column":45}},"10":{"start":{"line":26,"column":4},"end":{"line":31,"column":7}},"11":{"start":{"line":35,"column":0},"end":{"line":35,"column":25}}},"fnMap":{"0":{"name":"(anonymous_0)","decl":{"start":{"line":2,"column":2},"end":{"line":2,"column":3}},"loc":{"start":{"line":2,"column":16},"end":{"line":5,"column":3}},"line":2},"1":{"name":"(anonymous_1)","decl":{"start":{"line":7,"column":2},"end":{"line":7,"column":3}},"loc":{"start":{"line":7,"column":18},"end":{"line":15,"column":3}},"line":7},"2":{"name":"(anonymous_2)","decl":{"start":{"line":17,"column":2},"end":{"line":17,"column":3}},"loc":{"start":{"line":17,"column":19},"end":{"line":23,"column":3}},"line":17}},"branchMap":{"0":{"loc":{"start":{"line":8,"column":4},"end":{"line":11,"column":8}},"type":"if","locations":[{"start":{"line":8,"column":4},"end":{"line":11,"column":8}},{"start":{},"end":{}}],"line":8},"1":{"loc":{"start":{"line":18,"column":4},"end":{"line":19,"column":65}},"type":"if","locations":[{"start":{"line":18,"column":4},"end":{"line":19,"column":65}},{"start":{},"end":{}}],"line":18}},"s":{"0":8,"1":8,"2":8,"3":1,"4":7,"5":7,"6":5,"7":1,"8":4,"9":4,"10":11,"11":2},"f":{"0":8,"1":8,"2":5},"b":{"0":[1,7],"1":[1,4]},"_coverageSchema":"1a1c01bbd47fc00a2c39e90264f33305004495a9","hash":"3c3688051d67ac9f25c8470b5a56739786d41016"}
,"/Users/henrow/Desktop/challenges/bank-tech-test/statement.js": {"path":"/Users/henrow/Desktop/challenges/bank-tech-test/statement.js","statementMap":{"0":{"start":{"line":3,"column":4},"end":{"line":3,"column":27}},"1":{"start":{"line":4,"column":4},"end":{"line":4,"column":29}},"2":{"start":{"line":8,"column":4},"end":{"line":8,"column":48}},"3":{"start":{"line":10,"column":22},"end":{"line":10,"column":52}},"4":{"start":{"line":12,"column":4},"end":{"line":12,"column":21}},"5":{"start":{"line":16,"column":4},"end":{"line":16,"column":65}},"6":{"start":{"line":18,"column":4},"end":{"line":32,"column":7}},"7":{"start":{"line":19,"column":6},"end":{"line":31,"column":7}},"8":{"start":{"line":20,"column":8},"end":{"line":24,"column":10}},"9":{"start":{"line":26,"column":8},"end":{"line":30,"column":10}},"10":{"start":{"line":36,"column":0},"end":{"line":36,"column":27}}},"fnMap":{"0":{"name":"(anonymous_0)","decl":{"start":{"line":2,"column":2},"end":{"line":2,"column":3}},"loc":{"start":{"line":2,"column":23},"end":{"line":5,"column":3}},"line":2},"1":{"name":"(anonymous_1)","decl":{"start":{"line":7,"column":2},"end":{"line":7,"column":3}},"loc":{"start":{"line":7,"column":10},"end":{"line":13,"column":3}},"line":7},"2":{"name":"(anonymous_2)","decl":{"start":{"line":15,"column":2},"end":{"line":15,"column":3}},"loc":{"start":{"line":15,"column":28},"end":{"line":33,"column":3}},"line":15},"3":{"name":"(anonymous_3)","decl":{"start":{"line":18,"column":38},"end":{"line":18,"column":39}},"loc":{"start":{"line":18,"column":55},"end":{"line":32,"column":5}},"line":18}},"branchMap":{"0":{"loc":{"start":{"line":19,"column":6},"end":{"line":31,"column":7}},"type":"if","locations":[{"start":{"line":19,"column":6},"end":{"line":31,"column":7}},{"start":{"line":25,"column":13},"end":{"line":31,"column":7}}],"line":19}},"s":{"0":8,"1":8,"2":8,"3":8,"4":8,"5":8,"6":8,"7":13,"8":8,"9":5,"10":2},"f":{"0":8,"1":8,"2":8,"3":13},"b":{"0":[8,5]},"_coverageSchema":"1a1c01bbd47fc00a2c39e90264f33305004495a9","hash":"471b6bf20686596ebffb3bb6eae9748781163248"}
}
