TN:
SF:account.js
FN:2,(anonymous_0)
FN:7,(anonymous_1)
FN:13,(anonymous_2)
FNF:3
FNH:3
FNDA:4,(anonymous_0)
FNDA:4,(anonymous_1)
FNDA:2,(anonymous_2)
DA:3,4
DA:4,4
DA:8,4
DA:9,3
DA:10,3
DA:14,2
DA:15,1
DA:16,1
DA:17,1
DA:21,4
DA:30,1
LF:11
LH:11
BRDA:8,0,0,1
BRDA:8,0,1,3
BRDA:14,1,0,1
BRDA:14,1,1,1
BRF:4
BRH:4
end_of_record
TN:
SF:statement.js
FN:2,(anonymous_0)
FN:7,(anonymous_1)
FN:15,(anonymous_2)
FN:18,(anonymous_3)
FNF:4
FNH:4
FNDA:4,(anonymous_0)
FNDA:4,(anonymous_1)
FNDA:4,(anonymous_2)
FNDA:6,(anonymous_3)
DA:3,4
DA:4,4
DA:8,4
DA:10,4
DA:12,4
DA:16,4
DA:18,4
DA:19,6
DA:20,4
DA:26,2
DA:36,1
LF:11
LH:11
BRDA:19,0,0,4
BRDA:19,0,1,2
BRF:2
BRH:2
end_of_record
