TN:
SF:src/bankAccount.js
FN:2,(anonymous_0)
FN:7,(anonymous_1)
FN:16,(anonymous_2)
FNF:3
FNH:3
FNDA:9,(anonymous_0)
FNDA:11,(anonymous_1)
FNDA:7,(anonymous_2)
DA:3,9
DA:4,9
DA:8,11
DA:9,2
DA:11,9
DA:12,9
DA:17,7
DA:18,1
DA:19,6
DA:20,2
DA:22,4
DA:23,4
DA:28,13
DA:37,2
LF:14
LH:14
BRDA:8,0,0,2
BRDA:8,0,1,9
BRDA:17,1,0,1
BRDA:17,1,1,6
BRDA:19,2,0,2
BRDA:19,2,1,4
BRF:6
BRH:6
end_of_record
TN:
SF:src/bankStatement.js
FN:2,(anonymous_0)
FN:7,(anonymous_1)
FN:18,(anonymous_2)
FNF:3
FNH:3
FNDA:8,(anonymous_0)
FNDA:8,(anonymous_1)
FNDA:13,(anonymous_2)
DA:3,8
DA:4,8
DA:8,8
DA:10,8
DA:12,8
DA:16,8
DA:18,8
DA:19,13
DA:20,8
DA:27,5
DA:37,2
LF:11
LH:11
BRDA:19,0,0,8
BRDA:19,0,1,5
BRF:2
BRH:2
end_of_record
